2025-07-14 01:02:49 [INFO] [background-preinit]  o.h.validator.internal.util.Version ------ HV000001: Hibernate Validator 8.0.2.Final
2025-07-14 01:02:49 [INFO] [main]  com.restapi.RestapiApplication ------ Starting RestapiApplication using Java 23.0.2 with PID 49180 (/Users/bipin/Desktop/Data/Status/Backend Spring Boot/restapi/target/classes started by bipin in /Users/bipin/Desktop/Data/Status/Backend Spring Boot/restapi)
2025-07-14 01:02:49 [INFO] [main]  com.restapi.RestapiApplication ------ No active profile set, falling back to 1 default profile: "default"
2025-07-14 01:02:50 [INFO] [main]  o.s.d.r.c.RepositoryConfigurationDelegate ------ Bootstrapping Spring Data JPA repositories in DEFAULT mode.
2025-07-14 01:02:50 [INFO] [main]  o.s.d.r.c.RepositoryConfigurationDelegate ------ Finished Spring Data repository scanning in 26 ms. Found 10 JPA repository interfaces.
2025-07-14 01:02:50 [INFO] [main]  o.s.b.w.e.tomcat.TomcatWebServer ------ Tomcat initialized with port 9090 (http)
2025-07-14 01:02:50 [INFO] [main]  o.a.coyote.http11.Http11NioProtocol ------ Initializing ProtocolHandler ["http-nio-9090"]
2025-07-14 01:02:50 [INFO] [main]  o.a.catalina.core.StandardService ------ Starting service [Tomcat]
2025-07-14 01:02:50 [INFO] [main]  o.a.catalina.core.StandardEngine ------ Starting Servlet engine: [Apache Tomcat/10.1.42]
2025-07-14 01:02:50 [INFO] [main]  o.a.c.c.C.[Tomcat].[localhost].[/] ------ Initializing Spring embedded WebApplicationContext
2025-07-14 01:02:50 [INFO] [main]  o.s.b.w.s.c.ServletWebServerApplicationContext ------ Root WebApplicationContext: initialization completed in 803 ms
2025-07-14 01:02:50 [INFO] [main]  o.h.jpa.internal.util.LogHelper ------ HHH000204: Processing PersistenceUnitInfo [name: default]
2025-07-14 01:02:50 [INFO] [main]  org.hibernate.Version ------ HHH000412: Hibernate ORM core version 6.6.18.Final
2025-07-14 01:02:50 [INFO] [main]  o.h.c.i.RegionFactoryInitiator ------ HHH000026: Second-level cache disabled
2025-07-14 01:02:50 [INFO] [main]  o.s.o.j.p.SpringPersistenceUnitInfo ------ No LoadTimeWeaver setup: ignoring JPA class transformer
2025-07-14 01:02:50 [INFO] [main]  com.zaxxer.hikari.HikariDataSource ------ HikariPool-1 - Starting...
2025-07-14 01:02:50 [INFO] [main]  com.zaxxer.hikari.pool.HikariPool ------ HikariPool-1 - Added connection com.mysql.cj.jdbc.ConnectionImpl@85c3522
2025-07-14 01:02:50 [INFO] [main]  com.zaxxer.hikari.HikariDataSource ------ HikariPool-1 - Start completed.
2025-07-14 01:02:51 [WARN] [main]  org.hibernate.orm.deprecation ------ HHH90000025: MySQL8Dialect does not need to be specified explicitly using 'hibernate.dialect' (remove the property setting and it will be selected by default)
2025-07-14 01:02:51 [WARN] [main]  org.hibernate.orm.deprecation ------ HHH90000026: MySQL8Dialect has been deprecated; use org.hibernate.dialect.MySQLDialect instead
2025-07-14 01:02:51 [INFO] [main]  o.hibernate.orm.connections.pooling ------ HHH10001005: Database info:
	Database JDBC URL [Connecting through datasource 'HikariDataSource (HikariPool-1)']
	Database driver: undefined/unknown
	Database version: 8.0
	Autocommit mode: undefined/unknown
	Isolation level: undefined/unknown
	Minimum pool size: undefined/unknown
	Maximum pool size: undefined/unknown
2025-07-14 01:02:51 [INFO] [main]  o.h.e.t.j.p.i.JtaPlatformInitiator ------ HHH000489: No JTA platform available (set 'hibernate.transaction.jta.platform' to enable JTA platform integration)
2025-07-14 01:02:51 [INFO] [main]  o.s.o.j.LocalContainerEntityManagerFactoryBean ------ Initialized JPA EntityManagerFactory for persistence unit 'default'
2025-07-14 01:02:51 [DEBUG] [main]  c.r.c.s.JwtAuthenticationFilter ------ Filter 'jwtAuthenticationFilter' configured for use
2025-07-14 01:02:52 [INFO] [main]  o.s.d.j.r.query.QueryEnhancerFactory ------ Hibernate is in classpath; If applicable, HQL parser will be used.
2025-07-14 01:02:52 [INFO] [main]  o.s.s.c.a.a.c.InitializeUserDetailsBeanManagerConfigurer$InitializeUserDetailsManagerConfigurer ------ Global AuthenticationManager configured with UserDetailsService bean with name customUserService
2025-07-14 01:02:52 [WARN] [main]  o.s.b.a.o.j.JpaBaseConfiguration$JpaWebConfiguration ------ spring.jpa.open-in-view is enabled by default. Therefore, database queries may be performed during view rendering. Explicitly configure spring.jpa.open-in-view to disable this warning
2025-07-14 01:02:52 [INFO] [main]  o.a.coyote.http11.Http11NioProtocol ------ Starting ProtocolHandler ["http-nio-9090"]
2025-07-14 01:02:52 [INFO] [main]  o.s.b.w.e.tomcat.TomcatWebServer ------ Tomcat started on port 9090 (http) with context path '/'
2025-07-14 01:02:52 [INFO] [main]  com.restapi.RestapiApplication ------ Started RestapiApplication in 3.49 seconds (process running for 3.856)
2025-07-14 01:02:52 [INFO] [main]  com.restapi.RestapiApplication ------ Logging info
2025-07-14 01:02:52 [WARN] [main]  com.restapi.RestapiApplication ------ Logging warn
2025-07-14 01:02:52 [ERROR] [main]  com.restapi.RestapiApplication ------ Logging error
2025-07-14 01:04:44 [INFO] [SpringApplicationShutdownHook]  o.s.b.w.e.tomcat.GracefulShutdown ------ Commencing graceful shutdown. Waiting for active requests to complete
2025-07-14 01:04:44 [INFO] [tomcat-shutdown]  o.s.b.w.e.tomcat.GracefulShutdown ------ Graceful shutdown complete
2025-07-14 01:04:44 [INFO] [SpringApplicationShutdownHook]  o.s.o.j.LocalContainerEntityManagerFactoryBean ------ Closing JPA EntityManagerFactory for persistence unit 'default'
2025-07-14 01:04:44 [INFO] [SpringApplicationShutdownHook]  com.zaxxer.hikari.HikariDataSource ------ HikariPool-1 - Shutdown initiated...
2025-07-14 01:04:44 [INFO] [SpringApplicationShutdownHook]  com.zaxxer.hikari.HikariDataSource ------ HikariPool-1 - Shutdown completed.
